生成启动时间为 2018/9/28 11:01:17。
     1>项目“F:\PC\PC_VS2010_UserManage_ForC\UserManageSys\UserManageSys.vcxproj”在节点 2 上(build 个目标)。
     1>InitializeBuildStatus:
         正在创建“Debug\UserManageSys.unsuccessfulbuild”，因为已指定“AlwaysCreate”。
       ClCompile:
         所有输出均为最新。
         所有输出均为最新。
       ResourceCompile:
         C:\Program Files (x86)\Microsoft SDKs\Windows\v7.0A\bin\rc.exe /D _DEBUG /l"0x0804" /IDebug\ /nologo /fo"Debug\UserManageSys.res" UserManageSys.rc 
       ManifestResourceCompile:
         所有输出均为最新。
       Link:
         D:\Program Files (x86)\Microsoft Visual Studio 10.0\VC\bin\link.exe /ERRORREPORT:PROMPT /OUT:"F:\PC\PC_VS2010_UserManage_ForC\Debug\UserManageSys.exe" /INCREMENTAL /NOLOGO /MANIFEST /ManifestFile:"Debug\UserManageSys.exe.intermediate.manifest" /MANIFESTUAC:"level='asInvoker' uiAccess='false'" /DEBUG /PDB:"F:\PC\PC_VS2010_UserManage_ForC\Debug\UserManageSys.pdb" /SUBSYSTEM:WINDOWS /TLBID:1 /DYNAMICBASE /NXCOMPAT /IMPLIB:"F:\PC\PC_VS2010_UserManage_ForC\Debug\UserManageSys.lib" /MACHINE:X86 Debug\UserManageSys.res
         Debug\UserManageSys.exe.embed.manifest.res
         Debug\AddAmountDlg.obj
         Debug\AddIPDlg.obj
         Debug\AES.obj
         Debug\Debug.obj
         Debug\EditDlg.obj
         Debug\EditUserDlg.obj
         Debug\FindDlg.obj
         Debug\GetNetTime.obj
         Debug\LoginDlg.obj
         Debug\PassWorldDlg.obj
         Debug\stdafx.obj
         Debug\UserInfo.obj
         Debug\UserManageSys.obj
         Debug\UserManageSysDlg.obj
       Manifest:
         C:\Program Files (x86)\Microsoft SDKs\Windows\v7.0A\bin\mt.exe /nologo /verbose /out:"Debug\UserManageSys.exe.embed.manifest" /manifest Debug\UserManageSys.exe.intermediate.manifest "D:\Program Files (x86)\Microsoft Visual Studio 10.0\VC\Include\Manifest\dpiaware.manifest"
         所有输出均为最新。
       LinkEmbedManifest:
         所有输出均为最新。
         UserManageSys.vcxproj -> F:\PC\PC_VS2010_UserManage_ForC\Debug\UserManageSys.exe
       FinalizeBuildStatus:
         正在删除文件“Debug\UserManageSys.unsuccessfulbuild”。
         正在对“Debug\UserManageSys.lastbuildstate”执行 Touch 任务。
     1>已完成生成项目“F:\PC\PC_VS2010_UserManage_ForC\UserManageSys\UserManageSys.vcxproj”(build 个目标)的操作。

生成成功。

已用时间 00:00:00.93
