E:\算法实现\VC\用户管理系统\USERMANAGESYS\DEBUG\USERMANAGESYS.EXE
E:\算法实现\VC\用户管理系统\USERMANAGESYS\DEBUG\USERMANAGESYS.ILK
E:\算法实现\VC\用户管理系统\USERMANAGESYS\DEBUG\USERMANAGESYS.PDB
E:\算法实现\vc\用户管理系统\UserManageSys\UserManageSys\Debug\cl.command.1.tlog
E:\算法实现\vc\用户管理系统\UserManageSys\UserManageSys\Debug\CL.read.1.tlog
E:\算法实现\vc\用户管理系统\UserManageSys\UserManageSys\Debug\CL.write.1.tlog
E:\算法实现\VC\用户管理系统\USERMANAGESYS\USERMANAGESYS\DEBUG\EDITDLG.OBJ
E:\算法实现\VC\用户管理系统\USERMANAGESYS\USERMANAGESYS\DEBUG\FINDDLG.OBJ
E:\算法实现\vc\用户管理系统\UserManageSys\UserManageSys\Debug\link.36552.read.1.tlog
E:\算法实现\vc\用户管理系统\UserManageSys\UserManageSys\Debug\link.36552.write.1.tlog
E:\算法实现\vc\用户管理系统\UserManageSys\UserManageSys\Debug\link.36552-cvtres.read.1.tlog
E:\算法实现\vc\用户管理系统\UserManageSys\UserManageSys\Debug\link.36552-cvtres.write.1.tlog
E:\算法实现\vc\用户管理系统\UserManageSys\UserManageSys\Debug\link.45104.read.1.tlog
E:\算法实现\vc\用户管理系统\UserManageSys\UserManageSys\Debug\link.45104.write.1.tlog
E:\算法实现\vc\用户管理系统\UserManageSys\UserManageSys\Debug\link.45104-cvtres.read.1.tlog
E:\算法实现\vc\用户管理系统\UserManageSys\UserManageSys\Debug\link.45104-cvtres.write.1.tlog
E:\算法实现\vc\用户管理系统\UserManageSys\UserManageSys\Debug\link.67388.read.1.tlog
E:\算法实现\vc\用户管理系统\UserManageSys\UserManageSys\Debug\link.67388.write.1.tlog
E:\算法实现\vc\用户管理系统\UserManageSys\UserManageSys\Debug\link.67388-cvtres.read.1.tlog
E:\算法实现\vc\用户管理系统\UserManageSys\UserManageSys\Debug\link.67388-cvtres.write.1.tlog
E:\算法实现\vc\用户管理系统\UserManageSys\UserManageSys\Debug\link.9656.read.1.tlog
E:\算法实现\vc\用户管理系统\UserManageSys\UserManageSys\Debug\link.9656.write.1.tlog
E:\算法实现\vc\用户管理系统\UserManageSys\UserManageSys\Debug\link.9656-cvtres.read.1.tlog
E:\算法实现\vc\用户管理系统\UserManageSys\UserManageSys\Debug\link.9656-cvtres.write.1.tlog
E:\算法实现\vc\用户管理系统\UserManageSys\UserManageSys\Debug\link.command.1.tlog
E:\算法实现\vc\用户管理系统\UserManageSys\UserManageSys\Debug\link.read.1.tlog
E:\算法实现\vc\用户管理系统\UserManageSys\UserManageSys\Debug\link.write.1.tlog
E:\算法实现\vc\用户管理系统\UserManageSys\UserManageSys\Debug\link-cvtres.read.1.tlog
E:\算法实现\vc\用户管理系统\UserManageSys\UserManageSys\Debug\link-cvtres.write.1.tlog
E:\算法实现\vc\用户管理系统\UserManageSys\UserManageSys\Debug\mt.command.1.tlog
E:\算法实现\vc\用户管理系统\UserManageSys\UserManageSys\Debug\mt.read.1.tlog
E:\算法实现\vc\用户管理系统\UserManageSys\UserManageSys\Debug\mt.write.1.tlog
E:\算法实现\vc\用户管理系统\UserManageSys\UserManageSys\Debug\rc.command.1.tlog
E:\算法实现\vc\用户管理系统\UserManageSys\UserManageSys\Debug\rc.read.1.tlog
E:\算法实现\vc\用户管理系统\UserManageSys\UserManageSys\Debug\rc.write.1.tlog
E:\算法实现\VC\用户管理系统\USERMANAGESYS\USERMANAGESYS\DEBUG\STDAFX.OBJ
E:\算法实现\VC\用户管理系统\USERMANAGESYS\USERMANAGESYS\DEBUG\USERMANAGESYS.EXE.EMBED.MANIFEST
E:\算法实现\VC\用户管理系统\USERMANAGESYS\USERMANAGESYS\DEBUG\USERMANAGESYS.EXE.EMBED.MANIFEST.RES
E:\算法实现\VC\用户管理系统\USERMANAGESYS\USERMANAGESYS\DEBUG\USERMANAGESYS.EXE.INTERMEDIATE.MANIFEST
E:\算法实现\VC\用户管理系统\USERMANAGESYS\USERMANAGESYS\DEBUG\USERMANAGESYS.OBJ
E:\算法实现\VC\用户管理系统\USERMANAGESYS\USERMANAGESYS\DEBUG\USERMANAGESYS.PCH
E:\算法实现\VC\用户管理系统\USERMANAGESYS\USERMANAGESYS\DEBUG\USERMANAGESYS.RES
E:\算法实现\vc\用户管理系统\UserManageSys\UserManageSys\Debug\UserManageSys_manifest.rc
E:\算法实现\VC\用户管理系统\USERMANAGESYS\USERMANAGESYS\DEBUG\USERMANAGESYSDLG.OBJ
E:\算法实现\vc\用户管理系统\UserManageSys\UserManageSys\Debug\vc100.idb
E:\算法实现\VC\用户管理系统\USERMANAGESYS\USERMANAGESYS\DEBUG\VC100.PDB
